# JRE version: OpenJDK Runtime Environment (11.0.11+9) (build 11.0.11+9-Ubuntu-0ubuntu2.18.04)
# Java VM: OpenJDK 64-Bit Server VM (11.0.11+9-Ubuntu-0ubuntu2.18.04, mixed mode, sharing, tiered, compressed oops, g1 gc, linux-amd64)
Heap:
 garbage-first heap   total 1113088K, used 189128K [0x0000000726400000, 0x0000000800000000)
  region size 1024K, 29 young (29696K), 29 survivors (29696K)
 Metaspace       used 20641K, capacity 21077K, committed 21248K, reserved 1067008K
  class space    used 2504K, capacity 2692K, committed 2816K, reserved 1048576K
GC Heap History (20 events):
Event: 1.978 GC heap after
{Heap after GC invocations=3 (full 0):
 garbage-first heap   total 225280K, used 12468K [0x0000000726400000, 0x0000000800000000)
  region size 1024K, 2 young (2048K), 2 survivors (2048K)
 Metaspace       used 8932K, capacity 9277K, committed 9472K, reserved 1056768K
  class space    used 1026K, capacity 1163K, committed 1280K, reserved 1048576K
}
Event: 3.109 GC heap before
{Heap before GC invocations=3 (full 0):
 garbage-first heap   total 225280K, used 107700K [0x0000000726400000, 0x0000000800000000)
  region size 1024K, 95 young (97280K), 2 survivors (2048K)
 Metaspace       used 15794K, capacity 16192K, committed 16512K, reserved 1062912K
  class space    used 1928K, capacity 2082K, committed 2176K, reserved 1048576K
}
Event: 3.145 GC heap after
{Heap after GC invocations=4 (full 0):
 garbage-first heap   total 225280K, used 14033K [0x0000000726400000, 0x0000000800000000)
  region size 1024K, 3 young (3072K), 3 survivors (3072K)
 Metaspace       used 15794K, capacity 16192K, committed 16512K, reserved 1062912K
  class space    used 1928K, capacity 2082K, committed 2176K, reserved 1048576K
}
Event: 4.894 GC heap before
{Heap before GC invocations=4 (full 0):
 garbage-first heap   total 225280K, used 144081K [0x0000000726400000, 0x0000000800000000)
  region size 1024K, 130 young (133120K), 3 survivors (3072K)
 Metaspace       used 19164K, capacity 19606K, committed 19968K, reserved 1067008K
  class space    used 2268K, capacity 2448K, committed 2560K, reserved 1048576K
}
Event: 4.918 GC heap after
{Heap after GC invocations=5 (full 0):
 garbage-first heap   total 319488K, used 21534K [0x0000000726400000, 0x0000000800000000)
  region size 1024K, 10 young (10240K), 10 survivors (10240K)
 Metaspace       used 19164K, capacity 19606K, committed 19968K, reserved 1067008K
  class space    used 2268K, capacity 2448K, committed 2560K, reserved 1048576K
}
Event: 6.010 GC heap before
{Heap before GC invocations=5 (full 0):
 garbage-first heap   total 319488K, used 185374K [0x0000000726400000, 0x0000000800000000)
  region size 1024K, 170 young (174080K), 10 survivors (10240K)
 Metaspace       used 19175K, capacity 19606K, committed 19968K, reserved 1067008K
  class space    used 2268K, capacity 2448K, committed 2560K, reserved 1048576K
}
Event: 6.097 GC heap after
{Heap after GC invocations=6 (full 0):
 garbage-first heap   total 319488K, used 38541K [0x0000000726400000, 0x0000000800000000)
  region size 1024K, 22 young (22528K), 22 survivors (22528K)
 Metaspace       used 19175K, capacity 19606K, committed 19968K, reserved 1067008K
  class space    used 2268K, capacity 2448K, committed 2560K, reserved 1048576K
}
Event: 6.810 GC heap before
{Heap before GC invocations=6 (full 0):
 garbage-first heap   total 319488K, used 203405K [0x0000000726400000, 0x0000000800000000)
  region size 1024K, 183 young (187392K), 22 survivors (22528K)
 Metaspace       used 19182K, capacity 19606K, committed 19968K, reserved 1067008K
  class space    used 2268K, capacity 2448K, committed 2560K, reserved 1048576K
}
Event: 6.941 GC heap after
{Heap after GC invocations=7 (full 0):
 garbage-first heap   total 319488K, used 64548K [0x0000000726400000, 0x0000000800000000)
  region size 1024K, 23 young (23552K), 23 survivors (23552K)
 Metaspace       used 19182K, capacity 19606K, committed 19968K, reserved 1067008K
  class space    used 2268K, capacity 2448K, committed 2560K, reserved 1048576K
}
Event: 7.324 GC heap before
{Heap before GC invocations=7 (full 0):
 garbage-first heap   total 319488K, used 227364K [0x0000000726400000, 0x0000000800000000)
  region size 1024K, 182 young (186368K), 23 survivors (23552K)
 Metaspace       used 19183K, capacity 19606K, committed 19968K, reserved 1067008K
  class space    used 2268K, capacity 2448K, committed 2560K, reserved 1048576K
}
Event: 7.397 GC heap after
{Heap after GC invocations=8 (full 0):
 garbage-first heap   total 319488K, used 102088K [0x0000000726400000, 0x0000000800000000)
  region size 1024K, 23 young (23552K), 23 survivors (23552K)
 Metaspace       used 19183K, capacity 19606K, committed 19968K, reserved 1067008K
  class space    used 2268K, capacity 2448K, committed 2560K, reserved 1048576K
}
Event: 7.719 GC heap before
{Heap before GC invocations=8 (full 0):
 garbage-first heap   total 319488K, used 222920K [0x0000000726400000, 0x0000000800000000)
  region size 1024K, 141 young (144384K), 23 survivors (23552K)
 Metaspace       used 19183K, capacity 19606K, committed 19968K, reserved 1067008K
  class space    used 2268K, capacity 2448K, committed 2560K, reserved 1048576K
}
Event: 7.837 GC heap after
{Heap after GC invocations=9 (full 0):
 garbage-first heap   total 638976K, used 130248K [0x0000000726400000, 0x0000000800000000)
  region size 1024K, 18 young (18432K), 18 survivors (18432K)
 Metaspace       used 19183K, capacity 19606K, committed 19968K, reserved 1067008K
  class space    used 2268K, capacity 2448K, committed 2560K, reserved 1048576K
}
Event: 8.413 GC heap before
{Heap before GC invocations=9 (full 0):
 garbage-first heap   total 638976K, used 299208K [0x0000000726400000, 0x0000000800000000)
  region size 1024K, 183 young (187392K), 18 survivors (18432K)
 Metaspace       used 19183K, capacity 19606K, committed 19968K, reserved 1067008K
  class space    used 2268K, capacity 2448K, committed 2560K, reserved 1048576K
}
Event: 8.463 GC heap after
{Heap after GC invocations=10 (full 0):
 garbage-first heap   total 638976K, used 156360K [0x0000000726400000, 0x0000000800000000)
  region size 1024K, 23 young (23552K), 23 survivors (23552K)
 Metaspace       used 19183K, capacity 19606K, committed 19968K, reserved 1067008K
  class space    used 2268K, capacity 2448K, committed 2560K, reserved 1048576K
}
Event: 8.885 GC heap before
{Heap before GC invocations=10 (full 0):
 garbage-first heap   total 638976K, used 343752K [0x0000000726400000, 0x0000000800000000)
  region size 1024K, 206 young (210944K), 23 survivors (23552K)
 Metaspace       used 19183K, capacity 19606K, committed 19968K, reserved 1067008K
  class space    used 2268K, capacity 2448K, committed 2560K, reserved 1048576K
}
Event: 8.970 GC heap after
{Heap after GC invocations=11 (full 0):
 garbage-first heap   total 638976K, used 167112K [0x0000000726400000, 0x0000000800000000)
  region size 1024K, 10 young (10240K), 10 survivors (10240K)
 Metaspace       used 19183K, capacity 19606K, committed 19968K, reserved 1067008K
  class space    used 2268K, capacity 2448K, committed 2560K, reserved 1048576K
}
Event: 9.410 GC heap before
{Heap before GC invocations=11 (full 0):
 garbage-first heap   total 638976K, used 394440K [0x0000000726400000, 0x0000000800000000)
  region size 1024K, 230 young (235520K), 10 survivors (10240K)
 Metaspace       used 19183K, capacity 19606K, committed 19968K, reserved 1067008K
  class space    used 2268K, capacity 2448K, committed 2560K, reserved 1048576K
}
Event: 9.447 GC heap after
{Heap after GC invocations=12 (full 0):
 garbage-first heap   total 638976K, used 176365K [0x0000000726400000, 0x0000000800000000)
  region size 1024K, 17 young (17408K), 17 survivors (17408K)
 Metaspace       used 19183K, capacity 19606K, committed 19968K, reserved 1067008K
  class space    used 2268K, capacity 2448K, committed 2560K, reserved 1048576K
}
Event: 10.447 GC heap before
{Heap before GC invocations=12 (full 0):
 garbage-first heap   total 638976K, used 352493K [0x0000000726400000, 0x0000000800000000)
  region size 1024K, 190 young (194560K), 17 survivors (17408K)
 Metaspace       used 20641K, capacity 21077K, committed 21248K, reserved 1067008K
  class space    used 2504K, capacity 2692K, committed 2816K, reserved 1048576K
}

