# JRE version: OpenJDK Runtime Environment (11.0.11+9) (build 11.0.11+9-Ubuntu-0ubuntu2.18.04)
# Java VM: OpenJDK 64-Bit Server VM (11.0.11+9-Ubuntu-0ubuntu2.18.04, mixed mode, sharing, tiered, compressed oops, g1 gc, linux-amd64)
Heap:
 garbage-first heap   total 253952K, used 21727K [0x000000070ba00000, 0x0000000800000000)
  region size 1024K, 11 young (11264K), 3 survivors (3072K)
 Metaspace       used 14241K, capacity 14829K, committed 15104K, reserved 1062912K
  class space    used 1810K, capacity 2025K, committed 2048K, reserved 1048576K
GC Heap History (8 events):
Event: 0.972 GC heap before
{Heap before GC invocations=0 (full 0):
 garbage-first heap   total 253952K, used 26312K [0x000000070ba00000, 0x0000000800000000)
  region size 1024K, 24 young (24576K), 0 survivors (0K)
 Metaspace       used 2357K, capacity 4652K, committed 4864K, reserved 1056768K
  class space    used 214K, capacity 442K, committed 512K, reserved 1048576K
}
Event: 1.007 GC heap after
{Heap after GC invocations=1 (full 0):
 garbage-first heap   total 253952K, used 11938K [0x000000070ba00000, 0x0000000800000000)
  region size 1024K, 3 young (3072K), 3 survivors (3072K)
 Metaspace       used 2357K, capacity 4652K, committed 4864K, reserved 1056768K
  class space    used 214K, capacity 442K, committed 512K, reserved 1048576K
}
Event: 1.556 GC heap before
{Heap before GC invocations=1 (full 0):
 garbage-first heap   total 253952K, used 29346K [0x000000070ba00000, 0x0000000800000000)
  region size 1024K, 20 young (20480K), 3 survivors (3072K)
 Metaspace       used 4774K, capacity 5916K, committed 6016K, reserved 1056768K
  class space    used 473K, capacity 633K, committed 640K, reserved 1048576K
}
Event: 1.565 GC heap after
{Heap after GC invocations=2 (full 0):
 garbage-first heap   total 253952K, used 12411K [0x000000070ba00000, 0x0000000800000000)
  region size 1024K, 1 young (1024K), 1 survivors (1024K)
 Metaspace       used 4774K, capacity 5916K, committed 6016K, reserved 1056768K
  class space    used 473K, capacity 633K, committed 640K, reserved 1048576K
}
Event: 2.197 GC heap before
{Heap before GC invocations=2 (full 0):
 garbage-first heap   total 253952K, used 53371K [0x000000070ba00000, 0x0000000800000000)
  region size 1024K, 41 young (41984K), 1 survivors (1024K)
 Metaspace       used 8234K, capacity 8680K, committed 8832K, reserved 1056768K
  class space    used 938K, capacity 1107K, committed 1152K, reserved 1048576K
}
Event: 2.202 GC heap after
{Heap after GC invocations=3 (full 0):
 garbage-first heap   total 253952K, used 12974K [0x000000070ba00000, 0x0000000800000000)
  region size 1024K, 2 young (2048K), 2 survivors (2048K)
 Metaspace       used 8234K, capacity 8680K, committed 8832K, reserved 1056768K
  class space    used 938K, capacity 1107K, committed 1152K, reserved 1048576K
}
Event: 3.164 GC heap before
{Heap before GC invocations=3 (full 0):
 garbage-first heap   total 253952K, used 75438K [0x000000070ba00000, 0x0000000800000000)
  region size 1024K, 63 young (64512K), 2 survivors (2048K)
 Metaspace       used 13680K, capacity 14250K, committed 14592K, reserved 1062912K
  class space    used 1737K, capacity 1981K, committed 2048K, reserved 1048576K
}
Event: 3.176 GC heap after
{Heap after GC invocations=4 (full 0):
 garbage-first heap   total 253952K, used 14559K [0x000000070ba00000, 0x0000000800000000)
  region size 1024K, 3 young (3072K), 3 survivors (3072K)
 Metaspace       used 13680K, capacity 14250K, committed 14592K, reserved 1062912K
  class space    used 1737K, capacity 1981K, committed 2048K, reserved 1048576K
}

