# JRE version: OpenJDK Runtime Environment (11.0.14+9) (build 11.0.14+9-Ubuntu-0ubuntu2.18.04)
# Java VM: OpenJDK 64-Bit Server VM (11.0.14+9-Ubuntu-0ubuntu2.18.04, mixed mode, sharing, tiered, compressed oops, g1 gc, linux-amd64)
Heap:
 garbage-first heap   total 253952K, used 96886K [0x000000070ba00000, 0x0000000800000000)
  region size 1024K, 69 young (70656K), 7 survivors (7168K)
 Metaspace       used 28756K, capacity 29566K, committed 29824K, reserved 1075200K
  class space    used 3582K, capacity 3907K, committed 3968K, reserved 1048576K
GC Heap History (12 events):
Event: 1.939 GC heap before
{Heap before GC invocations=0 (full 0):
 garbage-first heap   total 253952K, used 26312K [0x000000070ba00000, 0x0000000800000000)
  region size 1024K, 24 young (24576K), 0 survivors (0K)
 Metaspace       used 3281K, capacity 4987K, committed 5120K, reserved 1056768K
  class space    used 288K, capacity 449K, committed 512K, reserved 1048576K
}
Event: 1.961 GC heap after
{Heap after GC invocations=1 (full 0):
 garbage-first heap   total 253952K, used 11773K [0x000000070ba00000, 0x0000000800000000)
  region size 1024K, 3 young (3072K), 3 survivors (3072K)
 Metaspace       used 3281K, capacity 4987K, committed 5120K, reserved 1056768K
  class space    used 288K, capacity 449K, committed 512K, reserved 1048576K
}
Event: 2.732 GC heap before
{Heap before GC invocations=1 (full 0):
 garbage-first heap   total 253952K, used 30205K [0x000000070ba00000, 0x0000000800000000)
  region size 1024K, 21 young (21504K), 3 survivors (3072K)
 Metaspace       used 5655K, capacity 6399K, committed 6656K, reserved 1056768K
  class space    used 587K, capacity 711K, committed 768K, reserved 1048576K
}
Event: 2.751 GC heap after
{Heap after GC invocations=2 (full 0):
 garbage-first heap   total 253952K, used 12209K [0x000000070ba00000, 0x0000000800000000)
  region size 1024K, 1 young (1024K), 1 survivors (1024K)
 Metaspace       used 5655K, capacity 6399K, committed 6656K, reserved 1056768K
  class space    used 587K, capacity 711K, committed 768K, reserved 1048576K
}
Event: 3.441 GC heap before
{Heap before GC invocations=2 (full 0):
 garbage-first heap   total 253952K, used 55217K [0x000000070ba00000, 0x0000000800000000)
  region size 1024K, 43 young (44032K), 1 survivors (1024K)
 Metaspace       used 8933K, capacity 9417K, committed 9728K, reserved 1058816K
  class space    used 1046K, capacity 1221K, committed 1280K, reserved 1048576K
}
Event: 3.445 GC heap after
{Heap after GC invocations=3 (full 0):
 garbage-first heap   total 253952K, used 12758K [0x000000070ba00000, 0x0000000800000000)
  region size 1024K, 2 young (2048K), 2 survivors (2048K)
 Metaspace       used 8933K, capacity 9417K, committed 9728K, reserved 1058816K
  class space    used 1046K, capacity 1221K, committed 1280K, reserved 1048576K
}
Event: 4.940 GC heap before
{Heap before GC invocations=3 (full 0):
 garbage-first heap   total 253952K, used 79318K [0x000000070ba00000, 0x0000000800000000)
  region size 1024K, 67 young (68608K), 2 survivors (2048K)
 Metaspace       used 15705K, capacity 16376K, committed 16640K, reserved 1062912K
  class space    used 1928K, capacity 2177K, committed 2304K, reserved 1048576K
}
Event: 4.948 GC heap after
{Heap after GC invocations=4 (full 0):
 garbage-first heap   total 253952K, used 14284K [0x000000070ba00000, 0x0000000800000000)
  region size 1024K, 3 young (3072K), 3 survivors (3072K)
 Metaspace       used 15705K, capacity 16376K, committed 16640K, reserved 1062912K
  class space    used 1928K, capacity 2177K, committed 2304K, reserved 1048576K
}
Event: 6.452 GC heap before
{Heap before GC invocations=4 (full 0):
 garbage-first heap   total 253952K, used 89036K [0x000000070ba00000, 0x0000000800000000)
  region size 1024K, 77 young (78848K), 3 survivors (3072K)
 Metaspace       used 20375K, capacity 20985K, committed 21296K, reserved 1069056K
  class space    used 2456K, capacity 2668K, committed 2688K, reserved 1048576K
}
Event: 6.481 GC heap after
{Heap after GC invocations=5 (full 0):
 garbage-first heap   total 253952K, used 15492K [0x000000070ba00000, 0x0000000800000000)
  region size 1024K, 4 young (4096K), 4 survivors (4096K)
 Metaspace       used 20375K, capacity 20985K, committed 21296K, reserved 1069056K
  class space    used 2456K, capacity 2668K, committed 2688K, reserved 1048576K
}
Event: 8.693 GC heap before
{Heap before GC invocations=6 (full 0):
 garbage-first heap   total 253952K, used 132228K [0x000000070ba00000, 0x0000000800000000)
  region size 1024K, 118 young (120832K), 4 survivors (4096K)
 Metaspace       used 28257K, capacity 29009K, committed 29312K, reserved 1075200K
  class space    used 3533K, capacity 3851K, committed 3968K, reserved 1048576K
}
Event: 8.714 GC heap after
{Heap after GC invocations=7 (full 0):
 garbage-first heap   total 253952K, used 18038K [0x000000070ba00000, 0x0000000800000000)
  region size 1024K, 7 young (7168K), 7 survivors (7168K)
 Metaspace       used 28257K, capacity 29009K, committed 29312K, reserved 1075200K
  class space    used 3533K, capacity 3851K, committed 3968K, reserved 1048576K
}

